[INFO ] 2023-09-01 03:49:15.091 [main] Log - =====================================LoginTest TEST START=========================================
[INFO ] 2023-09-01 03:49:15.095 [main] Log - 
[INFO ] 2023-09-01 03:49:15.111 [main] Log - User Enter Their Details
[FATAL] 2023-09-01 03:49:15.111 [main] Log - 
[INFO ] 2023-09-01 03:49:20.786 [main] Log - DashBaoard Url Is Confirmed
[FATAL] 2023-09-01 03:49:20.786 [main] Log - 
[INFO ] 2023-09-01 03:49:42.267 [main] Log - =====================================LoginTest TEST START=========================================
[INFO ] 2023-09-01 03:49:42.267 [main] Log - 
[INFO ] 2023-09-01 03:49:42.268 [main] Log - User Enter Their Details
[FATAL] 2023-09-01 03:49:42.268 [main] Log - 
[INFO ] 2023-09-01 03:49:47.927 [main] Log - DashBaoard Url Is Confirmed
[FATAL] 2023-09-01 03:49:47.927 [main] Log - 
[INFO ] 2023-09-01 03:49:47.952 [main] Log - LoginTest Test Completed
[FATAL] 2023-09-01 03:49:47.952 [main] Log - 
[INFO ] 2023-09-01 03:49:47.952 [main] Log - =====================================LoginTest TEST END=========================================
[ERROR] 2023-09-01 03:49:47.953 [main] Log - 
[INFO ] 2023-09-01 03:50:05.471 [main] Log - =====================================LoginTest TEST START=========================================
[INFO ] 2023-09-01 03:50:05.472 [main] Log - 
[INFO ] 2023-09-01 03:50:05.472 [main] Log - User Enter Their Details
[FATAL] 2023-09-01 03:50:05.472 [main] Log - 
[INFO ] 2023-09-01 03:50:10.976 [main] Log - DashBaoard Url Is Confirmed
[FATAL] 2023-09-01 03:50:10.976 [main] Log - 
[INFO ] 2023-09-01 03:50:29.104 [main] Log - =====================================verifylogotest TEST START=========================================
[INFO ] 2023-09-01 03:50:29.105 [main] Log - 
[INFO ] 2023-09-01 03:50:29.159 [main] Log - Logo Confirmed
[FATAL] 2023-09-01 03:50:29.159 [main] Log - 
[INFO ] 2023-09-01 03:50:29.159 [main] Log - VerifyLogotest Was Successful
[FATAL] 2023-09-01 03:50:29.159 [main] Log - 
[INFO ] 2023-09-01 03:50:29.159 [main] Log - Test Passed
[FATAL] 2023-09-01 03:50:29.159 [main] Log - 
[INFO ] 2023-09-01 03:50:29.159 [main] Log - =====================================verifylogotest TEST END=========================================
[ERROR] 2023-09-01 03:50:29.159 [main] Log - 
[INFO ] 2023-09-01 03:50:39.187 [main] Log - =====================================clickOndashboardBellicon TEST START=========================================
[INFO ] 2023-09-01 03:50:39.188 [main] Log - 
[INFO ] 2023-09-01 03:50:39.188 [main] Log - User To Enter Details Here
[FATAL] 2023-09-01 03:50:39.188 [main] Log - 
[INFO ] 2023-09-01 03:50:45.149 [main] Log - To The Url Is Correct
[FATAL] 2023-09-01 03:50:45.149 [main] Log - 
[INFO ] 2023-09-01 03:50:45.149 [main] Log - Test Passed
[FATAL] 2023-09-01 03:50:45.150 [main] Log - 
[INFO ] 2023-09-01 03:50:45.150 [main] Log - =====================================clickOndashboardBellicon TEST END=========================================
[ERROR] 2023-09-01 03:50:45.150 [main] Log - 
[INFO ] 2023-09-01 03:50:54.036 [main] Log - =====================================headerpatientbtn TEST START=========================================
[INFO ] 2023-09-01 03:50:54.037 [main] Log - 
[INFO ] 2023-09-01 03:50:54.037 [main] Log - User To Enter Their Details Here
[FATAL] 2023-09-01 03:50:54.037 [main] Log - 
[INFO ] 2023-09-01 03:51:00.009 [main] Log - This Is To Confirm The Url Is Correct
[FATAL] 2023-09-01 03:51:00.009 [main] Log - 
[INFO ] 2023-09-01 03:51:00.009 [main] Log - Test Passed
[FATAL] 2023-09-01 03:51:00.009 [main] Log - 
[INFO ] 2023-09-01 03:51:00.009 [main] Log - =====================================headerpatientbtn TEST END=========================================
[ERROR] 2023-09-01 03:51:00.009 [main] Log - 
[INFO ] 2023-09-01 03:51:12.414 [main] Log - =====================================managePatient TEST START=========================================
[INFO ] 2023-09-01 03:51:12.414 [main] Log - 
[INFO ] 2023-09-01 03:51:12.415 [main] Log - User Enters Their Details
[FATAL] 2023-09-01 03:51:12.415 [main] Log - 
[INFO ] 2023-09-01 03:51:17.139 [main] Log - This Is To Confirm If The Url is Correct Or Not
[FATAL] 2023-09-01 03:51:17.139 [main] Log - 
[INFO ] 2023-09-01 03:51:17.139 [main] Log - Test Passed
[FATAL] 2023-09-01 03:51:17.139 [main] Log - 
[INFO ] 2023-09-01 03:51:17.139 [main] Log - =====================================managePatient TEST END=========================================
[ERROR] 2023-09-01 03:51:17.139 [main] Log - 
[INFO ] 2023-09-01 03:51:33.466 [main] Log - =====================================newpatientbtn TEST START=========================================
[INFO ] 2023-09-01 03:51:33.466 [main] Log - 
[INFO ] 2023-09-01 03:51:33.466 [main] Log - User To Enter Their Details
[FATAL] 2023-09-01 03:51:33.467 [main] Log - 
[INFO ] 2023-09-01 03:51:39.443 [main] Log - This Is To Confirm The Url
[FATAL] 2023-09-01 03:51:39.443 [main] Log - 
[INFO ] 2023-09-01 03:51:39.443 [main] Log - Test Passed
[FATAL] 2023-09-01 03:51:39.443 [main] Log - 
[INFO ] 2023-09-01 03:51:39.443 [main] Log - =====================================newpatientbtn TEST END=========================================
[ERROR] 2023-09-01 03:51:39.443 [main] Log - 
[INFO ] 2023-09-01 03:51:53.518 [main] Log - =====================================patientsearch TEST START=========================================
[INFO ] 2023-09-01 03:51:53.518 [main] Log - 
[INFO ] 2023-09-01 03:51:53.518 [main] Log - User To Enter Details Here
[FATAL] 2023-09-01 03:51:53.518 [main] Log - 
[INFO ] 2023-09-01 03:51:59.193 [main] Log - Patient Name In Search To Be Entered Here
[FATAL] 2023-09-01 03:51:59.193 [main] Log - 
[INFO ] 2023-09-01 03:51:59.734 [main] Log - This Is To Confirm The Url
[FATAL] 2023-09-01 03:51:59.734 [main] Log - 
[INFO ] 2023-09-01 03:51:59.734 [main] Log - Test Passed
[FATAL] 2023-09-01 03:51:59.734 [main] Log - 
[INFO ] 2023-09-01 03:51:59.734 [main] Log - =====================================patientsearch TEST END=========================================
[ERROR] 2023-09-01 03:51:59.734 [main] Log - 
[INFO ] 2023-09-01 03:52:10.516 [main] Log - =====================================profileAccount TEST START=========================================
[INFO ] 2023-09-01 03:52:10.516 [main] Log - 
[INFO ] 2023-09-01 03:52:10.517 [main] Log - User To Enter Their Details 
[FATAL] 2023-09-01 03:52:10.517 [main] Log - 
[INFO ] 2023-09-01 03:52:15.516 [main] Log - To Confirm The Url Is Correct
[FATAL] 2023-09-01 03:52:15.516 [main] Log - 
[INFO ] 2023-09-01 03:52:15.516 [main] Log - Test Passed
[FATAL] 2023-09-01 03:52:15.517 [main] Log - 
[INFO ] 2023-09-01 03:52:15.517 [main] Log - =====================================profileAccount TEST END=========================================
[ERROR] 2023-09-01 03:52:15.517 [main] Log - 
[INFO ] 2023-09-01 03:52:34.316 [main] Log - =====================================selectPatientDropdown TEST START=========================================
[INFO ] 2023-09-01 03:52:34.316 [main] Log - 
[INFO ] 2023-09-01 03:52:34.316 [main] Log - User Enters Their Details
[FATAL] 2023-09-01 03:52:34.316 [main] Log - 
[INFO ] 2023-09-01 03:52:39.959 [main] Log - The Action Is Carried Out Here
[FATAL] 2023-09-01 03:52:39.959 [main] Log - 
[INFO ] 2023-09-01 03:52:40.151 [main] Log - Test Passed
[FATAL] 2023-09-01 03:52:40.151 [main] Log - 
[INFO ] 2023-09-01 03:52:40.151 [main] Log - =====================================selectPatientDropdown TEST END=========================================
[ERROR] 2023-09-01 03:52:40.151 [main] Log - 
[INFO ] 2023-09-01 03:52:51.864 [main] Log - =====================================userAccountSignOutBtn TEST START=========================================
[INFO ] 2023-09-01 03:52:51.864 [main] Log - 
[INFO ] 2023-09-01 03:52:51.864 [main] Log - User Enters Their Details Here
[FATAL] 2023-09-01 03:52:51.865 [main] Log - 
[INFO ] 2023-09-01 03:52:56.671 [main] Log - This Is To Confirm The Url
[FATAL] 2023-09-01 03:52:56.671 [main] Log - 
[INFO ] 2023-09-01 03:52:56.671 [main] Log - Test Passed
[FATAL] 2023-09-01 03:52:56.671 [main] Log - 
[INFO ] 2023-09-01 03:52:56.671 [main] Log - =====================================userAccountSignOutBtn TEST END=========================================
[ERROR] 2023-09-01 03:52:56.671 [main] Log - 
[INFO ] 2023-09-01 03:53:12.244 [main] Log - =====================================verifyDashboardLogo TEST START=========================================
[INFO ] 2023-09-01 03:53:12.244 [main] Log - 
[INFO ] 2023-09-01 03:53:12.888 [main] Log - User Enter Their Details
[FATAL] 2023-09-01 03:53:12.888 [main] Log - 
[INFO ] 2023-09-01 03:53:16.864 [main] Log - The Test Confirm The Logo Is Present
[FATAL] 2023-09-01 03:53:16.864 [main] Log - 
[INFO ] 2023-09-01 03:53:16.864 [main] Log - Test Passed
[FATAL] 2023-09-01 03:53:16.864 [main] Log - 
[INFO ] 2023-09-01 03:53:16.864 [main] Log - =====================================verifyDashboardLogo TEST END=========================================
[ERROR] 2023-09-01 03:53:16.864 [main] Log - 
[INFO ] 2023-09-01 21:55:07.151 [main] Log - =====================================LoginTest TEST START=========================================
[INFO ] 2023-09-01 21:55:07.155 [main] Log - 
[INFO ] 2023-09-01 21:55:07.177 [main] Log - User Enter Their Details
[FATAL] 2023-09-01 21:55:07.177 [main] Log - 
[INFO ] 2023-09-01 21:55:12.925 [main] Log - DashBaoard Url Is Confirmed
[FATAL] 2023-09-01 21:55:12.925 [main] Log - 
[INFO ] 2023-09-01 21:55:25.163 [main] Log - =====================================LoginTest TEST START=========================================
[INFO ] 2023-09-01 21:55:25.163 [main] Log - 
[INFO ] 2023-09-01 21:55:25.164 [main] Log - User Enter Their Details
[FATAL] 2023-09-01 21:55:25.164 [main] Log - 
[INFO ] 2023-09-01 21:55:30.912 [main] Log - DashBaoard Url Is Confirmed
[FATAL] 2023-09-01 21:55:30.912 [main] Log - 
[INFO ] 2023-09-01 21:55:30.935 [main] Log - LoginTest Test Completed
[FATAL] 2023-09-01 21:55:30.936 [main] Log - 
[INFO ] 2023-09-01 21:55:30.936 [main] Log - =====================================LoginTest TEST END=========================================
[ERROR] 2023-09-01 21:55:30.936 [main] Log - 
[INFO ] 2023-09-01 21:55:57.455 [main] Log - =====================================LoginTest TEST START=========================================
[INFO ] 2023-09-01 21:55:57.455 [main] Log - 
[INFO ] 2023-09-01 21:55:57.456 [main] Log - User Enter Their Details
[FATAL] 2023-09-01 21:55:57.456 [main] Log - 
[INFO ] 2023-09-01 21:56:03.013 [main] Log - DashBaoard Url Is Confirmed
[FATAL] 2023-09-01 21:56:03.013 [main] Log - 
[INFO ] 2023-09-01 21:56:24.532 [main] Log - =====================================verifylogotest TEST START=========================================
[INFO ] 2023-09-01 21:56:24.532 [main] Log - 
[INFO ] 2023-09-01 21:56:24.584 [main] Log - Logo Confirmed
[FATAL] 2023-09-01 21:56:24.585 [main] Log - 
[INFO ] 2023-09-01 21:56:24.585 [main] Log - VerifyLogotest Was Successful
[FATAL] 2023-09-01 21:56:24.585 [main] Log - 
[INFO ] 2023-09-01 21:56:24.585 [main] Log - Test Passed
[FATAL] 2023-09-01 21:56:24.585 [main] Log - 
[INFO ] 2023-09-01 21:56:24.585 [main] Log - =====================================verifylogotest TEST END=========================================
[ERROR] 2023-09-01 21:56:24.585 [main] Log - 
[INFO ] 2023-09-01 21:56:39.576 [main] Log - =====================================clickOndashboardBellicon TEST START=========================================
[INFO ] 2023-09-01 21:56:39.576 [main] Log - 
[INFO ] 2023-09-01 21:56:39.576 [main] Log - User To Enter Details Here
[FATAL] 2023-09-01 21:56:39.577 [main] Log - 
[INFO ] 2023-09-01 21:56:48.438 [main] Log - To The Url Is Correct
[FATAL] 2023-09-01 21:56:48.438 [main] Log - 
[INFO ] 2023-09-01 21:56:48.438 [main] Log - Test Passed
[FATAL] 2023-09-01 21:56:48.438 [main] Log - 
[INFO ] 2023-09-01 21:56:48.438 [main] Log - =====================================clickOndashboardBellicon TEST END=========================================
[ERROR] 2023-09-01 21:56:48.438 [main] Log - 
[INFO ] 2023-09-01 21:57:03.539 [main] Log - =====================================headerpatientbtn TEST START=========================================
[INFO ] 2023-09-01 21:57:03.539 [main] Log - 
[INFO ] 2023-09-01 21:57:03.540 [main] Log - User To Enter Their Details Here
[FATAL] 2023-09-01 21:57:03.540 [main] Log - 
[INFO ] 2023-09-01 21:57:09.533 [main] Log - This Is To Confirm The Url Is Correct
[FATAL] 2023-09-01 21:57:09.533 [main] Log - 
[INFO ] 2023-09-01 21:57:09.533 [main] Log - Test Passed
[FATAL] 2023-09-01 21:57:09.533 [main] Log - 
[INFO ] 2023-09-01 21:57:09.533 [main] Log - =====================================headerpatientbtn TEST END=========================================
[ERROR] 2023-09-01 21:57:09.533 [main] Log - 
[INFO ] 2023-09-01 21:57:22.063 [main] Log - =====================================managePatient TEST START=========================================
[INFO ] 2023-09-01 21:57:22.063 [main] Log - 
[INFO ] 2023-09-01 21:57:22.063 [main] Log - User Enters Their Details
[FATAL] 2023-09-01 21:57:22.064 [main] Log - 
[INFO ] 2023-09-01 21:57:26.875 [main] Log - This Is To Confirm If The Url is Correct Or Not
[FATAL] 2023-09-01 21:57:26.875 [main] Log - 
[INFO ] 2023-09-01 21:57:26.875 [main] Log - Test Passed
[FATAL] 2023-09-01 21:57:26.876 [main] Log - 
[INFO ] 2023-09-01 21:57:26.876 [main] Log - =====================================managePatient TEST END=========================================
[ERROR] 2023-09-01 21:57:26.876 [main] Log - 
[INFO ] 2023-09-01 21:57:35.554 [main] Log - =====================================newpatientbtn TEST START=========================================
[INFO ] 2023-09-01 21:57:35.554 [main] Log - 
[INFO ] 2023-09-01 21:57:35.555 [main] Log - User To Enter Their Details
[FATAL] 2023-09-01 21:57:35.555 [main] Log - 
[INFO ] 2023-09-01 21:57:41.572 [main] Log - This Is To Confirm The Url
[FATAL] 2023-09-01 21:57:41.573 [main] Log - 
[INFO ] 2023-09-01 21:57:41.573 [main] Log - Test Passed
[FATAL] 2023-09-01 21:57:41.573 [main] Log - 
[INFO ] 2023-09-01 21:57:41.573 [main] Log - =====================================newpatientbtn TEST END=========================================
[ERROR] 2023-09-01 21:57:41.573 [main] Log - 
[INFO ] 2023-09-01 21:57:56.235 [main] Log - =====================================patientsearch TEST START=========================================
[INFO ] 2023-09-01 21:57:56.235 [main] Log - 
[INFO ] 2023-09-01 21:57:56.235 [main] Log - User To Enter Details Here
[FATAL] 2023-09-01 21:57:56.235 [main] Log - 
[INFO ] 2023-09-01 21:58:02.001 [main] Log - Patient Name In Search To Be Entered Here
[FATAL] 2023-09-01 21:58:02.001 [main] Log - 
[INFO ] 2023-09-01 21:58:02.539 [main] Log - This Is To Confirm The Url
[FATAL] 2023-09-01 21:58:02.539 [main] Log - 
[INFO ] 2023-09-01 21:58:02.539 [main] Log - Test Passed
[FATAL] 2023-09-01 21:58:02.540 [main] Log - 
[INFO ] 2023-09-01 21:58:02.540 [main] Log - =====================================patientsearch TEST END=========================================
[ERROR] 2023-09-01 21:58:02.540 [main] Log - 
[INFO ] 2023-09-01 21:58:15.800 [main] Log - =====================================profileAccount TEST START=========================================
[INFO ] 2023-09-01 21:58:15.800 [main] Log - 
[INFO ] 2023-09-01 21:58:15.800 [main] Log - User To Enter Their Details 
[FATAL] 2023-09-01 21:58:15.800 [main] Log - 
[INFO ] 2023-09-01 21:58:20.743 [main] Log - To Confirm The Url Is Correct
[FATAL] 2023-09-01 21:58:20.744 [main] Log - 
[INFO ] 2023-09-01 21:58:20.744 [main] Log - Test Passed
[FATAL] 2023-09-01 21:58:20.744 [main] Log - 
[INFO ] 2023-09-01 21:58:20.744 [main] Log - =====================================profileAccount TEST END=========================================
[ERROR] 2023-09-01 21:58:20.745 [main] Log - 
[INFO ] 2023-09-01 21:58:40.578 [main] Log - =====================================selectPatientDropdown TEST START=========================================
[INFO ] 2023-09-01 21:58:40.578 [main] Log - 
[INFO ] 2023-09-01 21:58:40.578 [main] Log - User Enters Their Details
[FATAL] 2023-09-01 21:58:40.579 [main] Log - 
[INFO ] 2023-09-01 21:58:46.288 [main] Log - The Action Is Carried Out Here
[FATAL] 2023-09-01 21:58:46.288 [main] Log - 
[INFO ] 2023-09-01 21:58:46.455 [main] Log - Test Passed
[FATAL] 2023-09-01 21:58:46.455 [main] Log - 
[INFO ] 2023-09-01 21:58:46.455 [main] Log - =====================================selectPatientDropdown TEST END=========================================
[ERROR] 2023-09-01 21:58:46.455 [main] Log - 
[INFO ] 2023-09-01 21:59:00.144 [main] Log - =====================================userAccountSignOutBtn TEST START=========================================
[INFO ] 2023-09-01 21:59:00.144 [main] Log - 
[INFO ] 2023-09-01 21:59:00.144 [main] Log - User Enters Their Details Here
[FATAL] 2023-09-01 21:59:00.144 [main] Log - 
[INFO ] 2023-09-01 21:59:04.111 [main] Log - This Is To Confirm The Url
[FATAL] 2023-09-01 21:59:04.111 [main] Log - 
[INFO ] 2023-09-01 21:59:04.111 [main] Log - Test Passed
[FATAL] 2023-09-01 21:59:04.111 [main] Log - 
[INFO ] 2023-09-01 21:59:04.111 [main] Log - =====================================userAccountSignOutBtn TEST END=========================================
[ERROR] 2023-09-01 21:59:04.111 [main] Log - 
[INFO ] 2023-09-01 21:59:21.554 [main] Log - =====================================verifyDashboardLogo TEST START=========================================
[INFO ] 2023-09-01 21:59:21.554 [main] Log - 
[INFO ] 2023-09-01 21:59:22.258 [main] Log - User Enter Their Details
[FATAL] 2023-09-01 21:59:22.258 [main] Log - 
[INFO ] 2023-09-01 21:59:26.106 [main] Log - The Test Confirm The Logo Is Present
[FATAL] 2023-09-01 21:59:26.106 [main] Log - 
[INFO ] 2023-09-01 21:59:26.106 [main] Log - Test Passed
[FATAL] 2023-09-01 21:59:26.107 [main] Log - 
[INFO ] 2023-09-01 21:59:26.107 [main] Log - =====================================verifyDashboardLogo TEST END=========================================
[ERROR] 2023-09-01 21:59:26.107 [main] Log - 
[INFO ] 2023-09-01 23:01:58.826 [main] Log - =====================================LoginTest TEST START=========================================
[INFO ] 2023-09-01 23:01:58.829 [main] Log - 
[INFO ] 2023-09-01 23:01:58.864 [main] Log - User Enter Their Details
[FATAL] 2023-09-01 23:01:58.864 [main] Log - 
[INFO ] 2023-09-01 23:01:58.882 [main] Log - =====================================LoginTest TEST START=========================================
[INFO ] 2023-09-01 23:01:58.882 [main] Log - 
[INFO ] 2023-09-01 23:01:58.883 [main] Log - User Enter Their Details
[FATAL] 2023-09-01 23:01:58.883 [main] Log - 
[INFO ] 2023-09-01 23:01:58.887 [main] Log - =====================================LoginTest TEST START=========================================
[INFO ] 2023-09-01 23:01:58.888 [main] Log - 
[INFO ] 2023-09-01 23:01:58.888 [main] Log - User Enter Their Details
[FATAL] 2023-09-01 23:01:58.888 [main] Log - 
[INFO ] 2023-09-01 23:01:58.899 [main] Log - =====================================verifylogotest TEST START=========================================
[INFO ] 2023-09-01 23:01:58.899 [main] Log - 
[INFO ] 2023-09-01 23:01:58.902 [main] Log - Logo Confirmed
[FATAL] 2023-09-01 23:01:58.903 [main] Log - 
[INFO ] 2023-09-01 23:01:58.929 [main] Log - =====================================managePatient TEST START=========================================
[INFO ] 2023-09-01 23:01:58.929 [main] Log - 
[INFO ] 2023-09-01 23:01:58.929 [main] Log - User Enters Their Details
[FATAL] 2023-09-01 23:01:58.930 [main] Log - 
[INFO ] 2023-09-01 23:02:27.101 [main] Log - =====================================LoginTest TEST START=========================================
[INFO ] 2023-09-01 23:02:27.104 [main] Log - 
[INFO ] 2023-09-01 23:02:27.135 [main] Log - User Enter Their Details
[FATAL] 2023-09-01 23:02:27.135 [main] Log - 
[INFO ] 2023-09-01 23:02:27.151 [main] Log - =====================================LoginTest TEST START=========================================
[INFO ] 2023-09-01 23:02:27.151 [main] Log - 
[INFO ] 2023-09-01 23:02:27.151 [main] Log - User Enter Their Details
[FATAL] 2023-09-01 23:02:27.151 [main] Log - 
[INFO ] 2023-09-01 23:02:27.157 [main] Log - =====================================LoginTest TEST START=========================================
[INFO ] 2023-09-01 23:02:27.157 [main] Log - 
[INFO ] 2023-09-01 23:02:27.157 [main] Log - User Enter Their Details
[FATAL] 2023-09-01 23:02:27.158 [main] Log - 
[INFO ] 2023-09-01 23:02:27.168 [main] Log - =====================================headerpatientbtn TEST START=========================================
[INFO ] 2023-09-01 23:02:27.168 [main] Log - 
[INFO ] 2023-09-01 23:02:27.169 [main] Log - User To Enter Their Details Here
[FATAL] 2023-09-01 23:02:27.170 [main] Log - 
[INFO ] 2023-09-01 23:31:39.940 [main] Log - =====================================LoginTest TEST START=========================================
[INFO ] 2023-09-01 23:31:39.943 [main] Log - 
[INFO ] 2023-09-01 23:31:39.967 [main] Log - User Enter Their Details
[FATAL] 2023-09-01 23:31:39.967 [main] Log - 
[INFO ] 2023-09-01 23:31:39.980 [main] Log - =====================================LoginTest TEST START=========================================
[INFO ] 2023-09-01 23:31:39.981 [main] Log - 
[INFO ] 2023-09-01 23:31:39.981 [main] Log - User Enter Their Details
[FATAL] 2023-09-01 23:31:39.981 [main] Log - 
[INFO ] 2023-09-01 23:31:39.985 [main] Log - =====================================LoginTest TEST START=========================================
[INFO ] 2023-09-01 23:31:39.986 [main] Log - 
[INFO ] 2023-09-01 23:31:39.986 [main] Log - User Enter Their Details
[FATAL] 2023-09-01 23:31:39.986 [main] Log - 
[INFO ] 2023-09-01 23:31:39.997 [main] Log - =====================================headerpatientbtn TEST START=========================================
[INFO ] 2023-09-01 23:31:39.997 [main] Log - 
[INFO ] 2023-09-01 23:31:39.998 [main] Log - User To Enter Their Details Here
[FATAL] 2023-09-01 23:31:39.998 [main] Log - 
[INFO ] 2023-09-01 23:32:02.160 [main] Log - =====================================clickOndashboardBellicon TEST START=========================================
[INFO ] 2023-09-01 23:32:02.163 [main] Log - 
[INFO ] 2023-09-01 23:32:02.179 [main] Log - User To Enter Details Here
[FATAL] 2023-09-01 23:32:02.179 [main] Log - 
[INFO ] 2023-09-01 23:36:11.994 [main] Log - =====================================LoginTest TEST START=========================================
[INFO ] 2023-09-01 23:36:11.996 [main] Log - 
[INFO ] 2023-09-01 23:36:12.022 [main] Log - User Enter Their Details
[FATAL] 2023-09-01 23:36:12.022 [main] Log - 
[INFO ] 2023-09-01 23:36:12.034 [main] Log - =====================================LoginTest TEST START=========================================
[INFO ] 2023-09-01 23:36:12.034 [main] Log - 
[INFO ] 2023-09-01 23:36:12.034 [main] Log - User Enter Their Details
[FATAL] 2023-09-01 23:36:12.034 [main] Log - 
[INFO ] 2023-09-01 23:36:12.038 [main] Log - =====================================LoginTest TEST START=========================================
[INFO ] 2023-09-01 23:36:12.038 [main] Log - 
[INFO ] 2023-09-01 23:36:12.039 [main] Log - User Enter Their Details
[FATAL] 2023-09-01 23:36:12.039 [main] Log - 
[INFO ] 2023-09-01 23:36:12.049 [main] Log - =====================================headerpatientbtn TEST START=========================================
[INFO ] 2023-09-01 23:36:12.049 [main] Log - 
[INFO ] 2023-09-01 23:36:12.051 [main] Log - User To Enter Their Details Here
[FATAL] 2023-09-01 23:36:12.051 [main] Log - 
[INFO ] 2023-09-01 23:41:12.063 [main] Log - =====================================LoginTest TEST START=========================================
[INFO ] 2023-09-01 23:41:12.068 [main] Log - 
[INFO ] 2023-09-01 23:41:12.105 [main] Log - User Enter Their Details
[FATAL] 2023-09-01 23:41:12.105 [main] Log - 
[INFO ] 2023-09-01 23:41:12.121 [main] Log - =====================================LoginTest TEST START=========================================
[INFO ] 2023-09-01 23:41:12.122 [main] Log - 
[INFO ] 2023-09-01 23:41:12.122 [main] Log - User Enter Their Details
[FATAL] 2023-09-01 23:41:12.123 [main] Log - 
[INFO ] 2023-09-01 23:41:12.128 [main] Log - =====================================LoginTest TEST START=========================================
[INFO ] 2023-09-01 23:41:12.129 [main] Log - 
[INFO ] 2023-09-01 23:41:12.129 [main] Log - User Enter Their Details
[FATAL] 2023-09-01 23:41:12.130 [main] Log - 
[INFO ] 2023-09-01 23:41:12.138 [main] Log - =====================================verifylogotest TEST START=========================================
[INFO ] 2023-09-01 23:41:12.138 [main] Log - 
[INFO ] 2023-09-01 23:41:12.140 [main] Log - Logo Confirmed
[FATAL] 2023-09-01 23:41:12.140 [main] Log - 
[INFO ] 2023-09-01 23:41:12.162 [main] Log - =====================================managePatient TEST START=========================================
[INFO ] 2023-09-01 23:41:12.162 [main] Log - 
[INFO ] 2023-09-01 23:41:12.163 [main] Log - User Enters Their Details
[FATAL] 2023-09-01 23:41:12.163 [main] Log - 
[INFO ] 2023-09-01 23:58:55.352 [main] Log - =====================================LoginTest TEST START=========================================
[INFO ] 2023-09-01 23:58:55.356 [main] Log - 
[INFO ] 2023-09-01 23:58:55.373 [main] Log - User Enter Their Details
[FATAL] 2023-09-01 23:58:55.373 [main] Log - 
[INFO ] 2023-09-01 23:59:01.081 [main] Log - DashBaoard Url Is Confirmed
[FATAL] 2023-09-01 23:59:01.081 [main] Log - 
[INFO ] 2023-09-01 23:59:15.867 [main] Log - =====================================LoginTest TEST START=========================================
[INFO ] 2023-09-01 23:59:15.867 [main] Log - 
[INFO ] 2023-09-01 23:59:15.867 [main] Log - User Enter Their Details
[FATAL] 2023-09-01 23:59:15.867 [main] Log - 
[INFO ] 2023-09-01 23:59:21.593 [main] Log - DashBaoard Url Is Confirmed
[FATAL] 2023-09-01 23:59:21.593 [main] Log - 
[INFO ] 2023-09-01 23:59:21.622 [main] Log - LoginTest Test Completed
[FATAL] 2023-09-01 23:59:21.622 [main] Log - 
[INFO ] 2023-09-01 23:59:21.622 [main] Log - =====================================LoginTest TEST END=========================================
[ERROR] 2023-09-01 23:59:21.622 [main] Log - 
[INFO ] 2023-09-01 23:59:29.833 [main] Log - =====================================LoginTest TEST START=========================================
[INFO ] 2023-09-01 23:59:29.834 [main] Log - 
[INFO ] 2023-09-01 23:59:29.834 [main] Log - User Enter Their Details
[FATAL] 2023-09-01 23:59:29.834 [main] Log - 
[INFO ] 2023-09-01 23:59:35.358 [main] Log - DashBaoard Url Is Confirmed
[FATAL] 2023-09-01 23:59:35.358 [main] Log - 
[INFO ] 2023-09-01 23:59:51.950 [main] Log - =====================================verifylogotest TEST START=========================================
[INFO ] 2023-09-01 23:59:51.951 [main] Log - 
[INFO ] 2023-09-01 23:59:52.012 [main] Log - Logo Confirmed
[FATAL] 2023-09-01 23:59:52.012 [main] Log - 
[INFO ] 2023-09-01 23:59:52.012 [main] Log - VerifyLogotest Was Successful
[FATAL] 2023-09-01 23:59:52.013 [main] Log - 
[INFO ] 2023-09-01 23:59:52.013 [main] Log - Test Passed
[FATAL] 2023-09-01 23:59:52.013 [main] Log - 
[INFO ] 2023-09-01 23:59:52.013 [main] Log - =====================================verifylogotest TEST END=========================================
[ERROR] 2023-09-01 23:59:52.013 [main] Log - 
