[INFO ] 2023-09-11 00:41:39.171 [main] Log - =====================================LoginTest TEST START=========================================
[INFO ] 2023-09-11 00:41:39.173 [main] Log - 
[INFO ] 2023-09-11 00:41:39.193 [main] Log - User Enter Their Details
[FATAL] 2023-09-11 00:41:39.193 [main] Log - 
[INFO ] 2023-09-11 00:41:45.338 [main] Log - DashBaoard Url Is Confirmed
[FATAL] 2023-09-11 00:41:45.338 [main] Log - 
[INFO ] 2023-09-11 00:41:53.865 [main] Log - =====================================LoginTest TEST START=========================================
[INFO ] 2023-09-11 00:41:53.866 [main] Log - 
[INFO ] 2023-09-11 00:41:53.866 [main] Log - User Enter Their Details
[FATAL] 2023-09-11 00:41:53.866 [main] Log - 
[INFO ] 2023-09-11 00:42:00.005 [main] Log - DashBaoard Url Is Confirmed
[FATAL] 2023-09-11 00:42:00.006 [main] Log - 
[INFO ] 2023-09-11 00:42:13.816 [main] Log - =====================================verifylogotest TEST START=========================================
[INFO ] 2023-09-11 00:42:13.816 [main] Log - 
[INFO ] 2023-09-11 00:42:13.880 [main] Log - Logo Confirmed
[FATAL] 2023-09-11 00:42:13.880 [main] Log - 
[INFO ] 2023-09-11 00:42:13.881 [main] Log - VerifyLogotest Was Successful
[FATAL] 2023-09-11 00:42:13.881 [main] Log - 
[INFO ] 2023-09-11 00:42:13.881 [main] Log - Test Passed
[FATAL] 2023-09-11 00:42:13.881 [main] Log - 
[INFO ] 2023-09-11 00:42:13.881 [main] Log - =====================================verifylogotest TEST END=========================================
[ERROR] 2023-09-11 00:42:13.881 [main] Log - 
[INFO ] 2023-09-11 00:42:24.407 [main] Log - =====================================clickOndashboardBellicon TEST START=========================================
[INFO ] 2023-09-11 00:42:24.407 [main] Log - 
[INFO ] 2023-09-11 00:42:24.408 [main] Log - User To Enter Details Here
[FATAL] 2023-09-11 00:42:24.408 [main] Log - 
[INFO ] 2023-09-11 00:42:30.837 [main] Log - To The Url Is Correct
[FATAL] 2023-09-11 00:42:30.837 [main] Log - 
[INFO ] 2023-09-11 00:42:30.837 [main] Log - Test Passed
[FATAL] 2023-09-11 00:42:30.838 [main] Log - 
[INFO ] 2023-09-11 00:42:30.838 [main] Log - =====================================clickOndashboardBellicon TEST END=========================================
[ERROR] 2023-09-11 00:42:30.838 [main] Log - 
[INFO ] 2023-09-11 00:46:11.663 [main] Log - =====================================LoginTest TEST START=========================================
[INFO ] 2023-09-11 00:46:11.666 [main] Log - 
[INFO ] 2023-09-11 00:46:11.681 [main] Log - User Enter Their Details
[FATAL] 2023-09-11 00:46:11.681 [main] Log - 
[INFO ] 2023-09-11 00:46:17.715 [main] Log - DashBaoard Url Is Confirmed
[FATAL] 2023-09-11 00:46:17.715 [main] Log - 
[INFO ] 2023-09-11 00:46:34.647 [main] Log - =====================================LoginTest TEST START=========================================
[INFO ] 2023-09-11 00:46:34.648 [main] Log - 
[INFO ] 2023-09-11 00:46:34.648 [main] Log - User Enter Their Details
[FATAL] 2023-09-11 00:46:34.648 [main] Log - 
[INFO ] 2023-09-11 00:46:40.777 [main] Log - DashBaoard Url Is Confirmed
[FATAL] 2023-09-11 00:46:40.777 [main] Log - 
[INFO ] 2023-09-11 00:46:40.798 [main] Log - LoginTest Test Completed
[FATAL] 2023-09-11 00:46:40.798 [main] Log - 
[INFO ] 2023-09-11 00:46:40.798 [main] Log - =====================================LoginTest TEST END=========================================
[ERROR] 2023-09-11 00:46:40.798 [main] Log - 
[INFO ] 2023-09-11 00:46:54.642 [main] Log - =====================================verifylogotest TEST START=========================================
[INFO ] 2023-09-11 00:46:54.642 [main] Log - 
[INFO ] 2023-09-11 00:46:54.719 [main] Log - Logo Confirmed
[FATAL] 2023-09-11 00:46:54.719 [main] Log - 
[INFO ] 2023-09-11 00:46:54.719 [main] Log - VerifyLogotest Was Successful
[FATAL] 2023-09-11 00:46:54.719 [main] Log - 
[INFO ] 2023-09-11 00:46:54.719 [main] Log - Test Passed
[FATAL] 2023-09-11 00:46:54.719 [main] Log - 
[INFO ] 2023-09-11 00:46:54.719 [main] Log - =====================================verifylogotest TEST END=========================================
[ERROR] 2023-09-11 00:46:54.719 [main] Log - 
[INFO ] 2023-09-11 00:47:08.785 [main] Log - =====================================clickOndashboardBellicon TEST START=========================================
[INFO ] 2023-09-11 00:47:08.785 [main] Log - 
[INFO ] 2023-09-11 00:47:08.785 [main] Log - User To Enter Details Here
[FATAL] 2023-09-11 00:47:08.785 [main] Log - 
[INFO ] 2023-09-11 00:47:15.202 [main] Log - To The Url Is Correct
[FATAL] 2023-09-11 00:47:15.202 [main] Log - 
[INFO ] 2023-09-11 00:47:15.202 [main] Log - Test Passed
[FATAL] 2023-09-11 00:47:15.203 [main] Log - 
[INFO ] 2023-09-11 00:47:15.203 [main] Log - =====================================clickOndashboardBellicon TEST END=========================================
[ERROR] 2023-09-11 00:47:15.203 [main] Log - 
[INFO ] 2023-09-11 00:47:31.674 [main] Log - =====================================headerpatientbtn TEST START=========================================
[INFO ] 2023-09-11 00:47:31.674 [main] Log - 
[INFO ] 2023-09-11 00:47:31.676 [main] Log - User To Enter Their Details Here
[FATAL] 2023-09-11 00:47:31.676 [main] Log - 
[INFO ] 2023-09-11 00:47:38.073 [main] Log - This Is To Confirm The Url Is Correct
[FATAL] 2023-09-11 00:47:38.073 [main] Log - 
[INFO ] 2023-09-11 00:47:38.073 [main] Log - Test Passed
[FATAL] 2023-09-11 00:47:38.073 [main] Log - 
[INFO ] 2023-09-11 00:47:38.073 [main] Log - =====================================headerpatientbtn TEST END=========================================
[ERROR] 2023-09-11 00:47:38.073 [main] Log - 
[INFO ] 2023-09-11 00:47:49.676 [main] Log - =====================================managePatient TEST START=========================================
[INFO ] 2023-09-11 00:47:49.676 [main] Log - 
[INFO ] 2023-09-11 00:47:49.677 [main] Log - User Enters Their Details
[FATAL] 2023-09-11 00:47:49.677 [main] Log - 
[INFO ] 2023-09-11 00:47:55.173 [main] Log - This Is To Confirm If The Url is Correct Or Not
[FATAL] 2023-09-11 00:47:55.173 [main] Log - 
[INFO ] 2023-09-11 00:47:55.173 [main] Log - Test Passed
[FATAL] 2023-09-11 00:47:55.173 [main] Log - 
[INFO ] 2023-09-11 00:47:55.173 [main] Log - =====================================managePatient TEST END=========================================
[ERROR] 2023-09-11 00:47:55.173 [main] Log - 
[INFO ] 2023-09-11 00:48:07.273 [main] Log - =====================================newpatientbtn TEST START=========================================
[INFO ] 2023-09-11 00:48:07.273 [main] Log - 
[INFO ] 2023-09-11 00:48:07.273 [main] Log - User To Enter Their Details
[FATAL] 2023-09-11 00:48:07.273 [main] Log - 
[INFO ] 2023-09-11 00:48:13.638 [main] Log - This Is To Confirm The Url
[FATAL] 2023-09-11 00:48:13.638 [main] Log - 
[INFO ] 2023-09-11 00:48:13.638 [main] Log - Test Passed
[FATAL] 2023-09-11 00:48:13.638 [main] Log - 
[INFO ] 2023-09-11 00:48:13.638 [main] Log - =====================================newpatientbtn TEST END=========================================
[ERROR] 2023-09-11 00:48:13.638 [main] Log - 
[INFO ] 2023-09-11 00:48:31.458 [main] Log - =====================================patientsearch TEST START=========================================
[INFO ] 2023-09-11 00:48:31.458 [main] Log - 
[INFO ] 2023-09-11 00:48:31.459 [main] Log - User To Enter Details Here
[FATAL] 2023-09-11 00:48:31.459 [main] Log - 
[INFO ] 2023-09-11 00:48:37.441 [main] Log - Patient Name In Search To Be Entered Here
[FATAL] 2023-09-11 00:48:37.441 [main] Log - 
[INFO ] 2023-09-11 00:48:38.157 [main] Log - This Is To Confirm The Url
[FATAL] 2023-09-11 00:48:38.157 [main] Log - 
[INFO ] 2023-09-11 00:48:38.158 [main] Log - Test Passed
[FATAL] 2023-09-11 00:48:38.158 [main] Log - 
[INFO ] 2023-09-11 00:48:38.158 [main] Log - =====================================patientsearch TEST END=========================================
[ERROR] 2023-09-11 00:48:38.158 [main] Log - 
[INFO ] 2023-09-11 00:48:51.300 [main] Log - =====================================profileAccount TEST START=========================================
[INFO ] 2023-09-11 00:48:51.301 [main] Log - 
[INFO ] 2023-09-11 00:48:51.301 [main] Log - User To Enter Their Details 
[FATAL] 2023-09-11 00:48:51.301 [main] Log - 
[INFO ] 2023-09-11 00:48:57.244 [main] Log - To Confirm The Url Is Correct
[FATAL] 2023-09-11 00:48:57.244 [main] Log - 
[INFO ] 2023-09-11 00:48:57.244 [main] Log - Test Passed
[FATAL] 2023-09-11 00:48:57.245 [main] Log - 
[INFO ] 2023-09-11 00:48:57.245 [main] Log - =====================================profileAccount TEST END=========================================
[ERROR] 2023-09-11 00:48:57.245 [main] Log - 
[INFO ] 2023-09-11 00:49:07.042 [main] Log - =====================================selectPatientDropdown TEST START=========================================
[INFO ] 2023-09-11 00:49:07.042 [main] Log - 
[INFO ] 2023-09-11 00:49:07.042 [main] Log - User Enters Their Details
[FATAL] 2023-09-11 00:49:07.042 [main] Log - 
[INFO ] 2023-09-11 00:49:13.104 [main] Log - The Action Is Carried Out Here
[FATAL] 2023-09-11 00:49:13.104 [main] Log - 
[INFO ] 2023-09-11 00:49:13.289 [main] Log - Test Passed
[FATAL] 2023-09-11 00:49:13.289 [main] Log - 
[INFO ] 2023-09-11 00:49:13.290 [main] Log - =====================================selectPatientDropdown TEST END=========================================
[ERROR] 2023-09-11 00:49:13.290 [main] Log - 
[INFO ] 2023-09-11 00:49:28.136 [main] Log - =====================================userAccountSignOutBtn TEST START=========================================
[INFO ] 2023-09-11 00:49:28.137 [main] Log - 
[INFO ] 2023-09-11 00:49:28.137 [main] Log - User Enters Their Details Here
[FATAL] 2023-09-11 00:49:28.137 [main] Log - 
[INFO ] 2023-09-11 00:49:33.832 [main] Log - This Is To Confirm The Url
[FATAL] 2023-09-11 00:49:33.832 [main] Log - 
[INFO ] 2023-09-11 00:49:33.832 [main] Log - Test Passed
[FATAL] 2023-09-11 00:49:33.832 [main] Log - 
[INFO ] 2023-09-11 00:49:33.832 [main] Log - =====================================userAccountSignOutBtn TEST END=========================================
[ERROR] 2023-09-11 00:49:33.832 [main] Log - 
[INFO ] 2023-09-11 00:49:47.525 [main] Log - =====================================verifyDashboardLogo TEST START=========================================
[INFO ] 2023-09-11 00:49:47.525 [main] Log - 
[INFO ] 2023-09-11 00:49:48.545 [main] Log - User Enter Their Details
[FATAL] 2023-09-11 00:49:48.545 [main] Log - 
[INFO ] 2023-09-11 00:49:53.259 [main] Log - The Test Confirm The Logo Is Present
[FATAL] 2023-09-11 00:49:53.259 [main] Log - 
[INFO ] 2023-09-11 00:49:53.260 [main] Log - Test Passed
[FATAL] 2023-09-11 00:49:53.260 [main] Log - 
[INFO ] 2023-09-11 00:49:53.260 [main] Log - =====================================verifyDashboardLogo TEST END=========================================
[ERROR] 2023-09-11 00:49:53.260 [main] Log - 
